\BOOKMARK [0][-]{section*.4}{摘 要}{}% 1
\BOOKMARK [0][-]{section*.5}{ABSTRACT}{}% 2
\BOOKMARK [0][-]{chapter.1}{第一章题目}{}% 3
\BOOKMARK [1][-]{section.1.1}{（1.1 题目）}{chapter.1}% 4
\BOOKMARK [2][-]{subsection.1.1.1}{（1.1.1 题目）}{section.1.1}% 5
\BOOKMARK [2][-]{subsection.1.1.2}{（1.1.2 题目）}{section.1.1}% 6
\BOOKMARK [1][-]{section.1.2}{（1.2 题目）}{chapter.1}% 7
\BOOKMARK [1][-]{section.1.3}{（1.3 题目）}{chapter.1}% 8
\BOOKMARK [2][-]{subsection.1.3.1}{（1.3.1 题目）}{section.1.3}% 9
\BOOKMARK [2][-]{subsection.1.3.2}{（1.3.2 题目）}{section.1.3}% 10
\BOOKMARK [0][-]{chapter.2}{基于语义扩展和文本质量的实时个性化搜索}{}% 11
\BOOKMARK [1][-]{section.2.1}{研究动机}{chapter.2}% 12
\BOOKMARK [1][-]{section.2.2}{相关定义}{chapter.2}% 13
\BOOKMARK [1][-]{section.2.3}{方法描述}{chapter.2}% 14
\BOOKMARK [1][-]{section.2.4}{实验分析}{chapter.2}% 15
\BOOKMARK [1][-]{section.2.5}{本章小结}{chapter.2}% 16
\BOOKMARK [0][-]{chapter.3}{社交网络中传播效率最大化}{}% 17
\BOOKMARK [1][-]{section.3.1}{研究动机}{chapter.3}% 18
\BOOKMARK [1][-]{section.3.2}{相关定义}{chapter.3}% 19
\BOOKMARK [2][-]{subsection.3.2.1}{传播模型以及影响力最大化问题}{section.3.2}% 20
\BOOKMARK [2][-]{subsection.3.2.2}{传播效率最大化问题}{section.3.2}% 21
\BOOKMARK [1][-]{section.3.3}{方法描述}{chapter.3}% 22
\BOOKMARK [1][-]{section.3.4}{实验分析}{chapter.3}% 23
\BOOKMARK [1][-]{section.3.5}{本章小结}{chapter.3}% 24
\BOOKMARK [0][-]{chapter*.18}{致谢}{}% 25
\BOOKMARK [0][-]{section*.19}{参考文献}{}% 26
\BOOKMARK [0][-]{chapter*.21}{作者在学期间取得的学术成果}{}% 27
\BOOKMARK [0][-]{appendix.A}{模板提供的希腊字母命令列表}{}% 28
